0 silly argv {
0 silly argv   _: [ 'version' ],
0 silly argv   lernaVersion: '3.22.1',
0 silly argv   '$0': 'node_modules/.bin/lerna'
0 silly argv }
1 notice cli v3.22.1
2 verbose rootPath /Users/abhimanyu/Projects/personal/private_npm_packages/monorepos/mr-react
3 info versioning independent
4 silly isAnythingCommitted
5 verbose isAnythingCommitted 1
6 silly currentBranch
7 verbose currentBranch dev
8 silly remoteBranchExists
9 silly isBehindUpstream
10 silly isBehindUpstream dev is behind origin/dev by 0 commit(s) and ahead by 1
11 silly hasTags
12 verbose hasTags true
13 silly git-describe.sync "mr-helper@0.0.2-1-g0cc7bc0" => {"lastTagName":"mr-helper@0.0.2","lastVersion":"0.0.2","refCount":"1","sha":"0cc7bc0","isDirty":false}
14 info Looking for changed packages since mr-helper@0.0.2
15 silly checking diff packages/mr-helper
16 silly no diff found in mr-helper
17 silly checking diff packages/mr-redux
18 silly found diff in packages/mr-redux/package.json
18 silly found diff in packages/mr-redux/src/MrReduxCrud/MrReduxCrud.js
19 verbose filtered diff [
19 verbose filtered diff   'packages/mr-redux/package.json',
19 verbose filtered diff   'packages/mr-redux/src/MrReduxCrud/MrReduxCrud.js'
19 verbose filtered diff ]
20 verbose updated mr-redux
21 verbose git-describe undefined => "mr-helper@0.0.2-1-g0cc7bc0"
22 silly git-describe parsed => {"lastTagName":"mr-helper@0.0.2","lastVersion":"0.0.2","refCount":"1","sha":"0cc7bc0","isDirty":false}
23 info execute Skipping releases
24 silly lifecycle No script for "preversion" in "root", continuing
25 silly lifecycle No script for "preversion" in "mr-redux", continuing
26 silly lifecycle No script for "version" in "mr-redux", continuing
27 silly lifecycle No script for "version" in "root", continuing
28 silly gitAdd [ 'packages/mr-redux/package.json' ]
29 silly gitCommit Publish
29 silly gitCommit
29 silly gitCommit  - mr-redux@0.0.2
30 verbose git [
30 verbose git   'commit',
30 verbose git   '-F',
30 verbose git   '/private/var/folders/kv/gf14qs8d565gp67h4nxmrqh40000gn/T/4fd5924b-3a7f-4cb1-a25b-afcc0981e373/lerna-commit.txt'
30 verbose git ]
31 silly gitTag mr-redux@0.0.2
32 verbose git [ 'tag', 'mr-redux@0.0.2', '-m', 'mr-redux@0.0.2' ]
33 error Error: Command failed: git tag mr-redux@0.0.2 -m mr-redux@0.0.2
33 error fatal: tag 'mr-redux@0.0.2' already exists
33 error
33 error     at makeError (/Users/abhimanyu/Projects/personal/private_npm_packages/monorepos/mr-react/node_modules/execa/index.js:174:9)
33 error     at /Users/abhimanyu/Projects/personal/private_npm_packages/monorepos/mr-react/node_modules/execa/index.js:278:16
33 error     at processTicksAndRejections (internal/process/task_queues.js:93:5)
33 error     at async Promise.all (index 0)
